<testsuites name="jest tests" tests="72" failures="7" time="7.522">
  <testsuite name="undefined" errors="0" failures="0" skipped="0" timestamp="2019-02-03T20:39:00" time="2.333" tests="1">
    <testcase classname=" should match snapshot" name=" should match snapshot" time="0.015">
    </testcase>
  </testsuite>
  <testsuite name="renderDescription" errors="0" failures="0" skipped="0" timestamp="2019-02-03T20:39:00" time="3.143" tests="10">
    <testcase classname="renderDescription should return a single description" name="renderDescription should return a single description" time="0.009">
    </testcase>
    <testcase classname="renderDescription should return multiple descriptions" name="renderDescription should return multiple descriptions" time="0.002">
    </testcase>
    <testcase classname="renderDescription should return no descriptions" name="renderDescription should return no descriptions" time="0.001">
    </testcase>
    <testcase classname="Default component should match snapshot with a closed modal" name="Default component should match snapshot with a closed modal" time="0.005">
    </testcase>
    <testcase classname="Default component should match snapshot with an open modal" name="Default component should match snapshot with an open modal" time="0.008">
    </testcase>
    <testcase classname="Default component should match snapshot with an open modal with title" name="Default component should match snapshot with an open modal with title" time="0.001">
    </testcase>
    <testcase classname="Default component should trigger modalSettings.onClose prop when click on NO button" name="Default component should trigger modalSettings.onClose prop when click on NO button" time="0.004">
    </testcase>
    <testcase classname="Default component should match snapshot with an open modal with icon" name="Default component should match snapshot with an open modal with icon" time="0.001">
    </testcase>
    <testcase classname="Default component should match snapshot with an open modal with description string" name="Default component should match snapshot with an open modal with description string" time="0.014">
    </testcase>
    <testcase classname="Default component should match snapshot with an open modal with description array" name="Default component should match snapshot with an open modal with description array" time="0.002">
    </testcase>
  </testsuite>
  <testsuite name="Modal component" errors="0" failures="1" skipped="0" timestamp="2019-02-03T20:39:00" time="3.306" tests="6">
    <testcase classname="Modal component should match snapshot with a closed modal" name="Modal component should match snapshot with a closed modal" time="0.033">
    </testcase>
    <testcase classname="Modal component should match snapshot with an open modal" name="Modal component should match snapshot with an open modal" time="0.044">
    </testcase>
    <testcase classname="Modal component should match snapshot with an open modal with title" name="Modal component should match snapshot with an open modal with title" time="0.011">
    </testcase>
    <testcase classname="Modal component should match snapshot with an open modal with icon" name="Modal component should match snapshot with an open modal with icon" time="0.025">
      <failure>Invariant Violation: IconGenerator(...): Nothing was returned from render. This usually means a return statement is missing. Or, to render nothing, return null.
    at invariant (C:\projects\new-york-times-into-the-feed\node_modules\react-dom\cjs\react-dom-server.node.development.js:58:15)
    at validateRenderResult (C:\projects\new-york-times-into-the-feed\node_modules\react-dom\cjs\react-dom-server.node.development.js:2701:5)
    at processChild (C:\projects\new-york-times-into-the-feed\node_modules\react-dom\cjs\react-dom-server.node.development.js:2797:9)
    at resolve (C:\projects\new-york-times-into-the-feed\node_modules\react-dom\cjs\react-dom-server.node.development.js:2716:5)
    at ReactDOMServerRenderer.render (C:\projects\new-york-times-into-the-feed\node_modules\react-dom\cjs\react-dom-server.node.development.js:3100:22)
    at ReactDOMServerRenderer.read (C:\projects\new-york-times-into-the-feed\node_modules\react-dom\cjs\react-dom-server.node.development.js:3059:29)
    at Object.renderToStaticMarkup (C:\projects\new-york-times-into-the-feed\node_modules\react-dom\cjs\react-dom-server.node.development.js:3541:27)
    at Object.render (C:\projects\new-york-times-into-the-feed\node_modules\enzyme-adapter-react-16\build\ReactSixteenAdapter.js:585:42)
    at render (C:\projects\new-york-times-into-the-feed\node_modules\enzyme\build\render.js:37:23)
    at Object.&lt;anonymous&gt; (C:\projects\new-york-times-into-the-feed\src\components\common\Modal\Modal.spec.js:37:12)
    at Object.asyncJestTest (C:\projects\new-york-times-into-the-feed\node_modules\jest-jasmine2\build\jasmine_async.js:108:37)
    at resolve (C:\projects\new-york-times-into-the-feed\node_modules\jest-jasmine2\build\queue_runner.js:56:12)
    at new Promise (&lt;anonymous&gt;)
    at mapper (C:\projects\new-york-times-into-the-feed\node_modules\jest-jasmine2\build\queue_runner.js:43:19)
    at promise.then (C:\projects\new-york-times-into-the-feed\node_modules\jest-jasmine2\build\queue_runner.js:87:41)
    at &lt;anonymous&gt;
    at process._tickCallback (internal/process/next_tick.js:188:7)</failure>
    </testcase>
    <testcase classname="Modal component should match snapshot with an open modal with description string" name="Modal component should match snapshot with an open modal with description string" time="0.007">
    </testcase>
    <testcase classname="Modal component should match snapshot with an open modal with description array" name="Modal component should match snapshot with an open modal with description array" time="0.006">
    </testcase>
  </testsuite>
  <testsuite name="i18n" errors="0" failures="0" skipped="0" timestamp="2019-02-03T20:39:00" time="3.488" tests="14">
    <testcase classname="i18n bootstrap Should get i18n object from server" name="i18n bootstrap Should get i18n object from server" time="0.01">
    </testcase>
    <testcase classname="i18n setTranslations Should set the translations data" name="i18n setTranslations Should set the translations data" time="0.001">
    </testcase>
    <testcase classname="i18n getLanguage Should return the current language" name="i18n getLanguage Should return the current language" time="0.001">
    </testcase>
    <testcase classname="i18n isEsES Should return true if language is es-ES" name="i18n isEsES Should return true if language is es-ES" time="0.001">
    </testcase>
    <testcase classname="i18n isEsES Should return false if language is not es-ES" name="i18n isEsES Should return false if language is not es-ES" time="0">
    </testcase>
    <testcase classname="i18n isEnUS Should return true if language is en-US" name="i18n isEnUS Should return true if language is en-US" time="0">
    </testcase>
    <testcase classname="i18n isEnUS Should return false if language is not en-US" name="i18n isEnUS Should return false if language is not en-US" time="0.001">
    </testcase>
    <testcase classname="i18n translate Should translate based on a i18n data object if key exists" name="i18n translate Should translate based on a i18n data object if key exists" time="0.001">
    </testcase>
    <testcase classname="i18n translate Shouldn&apos;t translate if key not exist" name="i18n translate Shouldn&apos;t translate if key not exist" time="0">
    </testcase>
    <testcase classname="i18n withI18n Shouldn&apos;t render component if fetch isn&apos;t done" name="i18n withI18n Shouldn&apos;t render component if fetch isn&apos;t done" time="0.046">
    </testcase>
    <testcase classname="i18n withI18n Should render component only if fetch is done" name="i18n withI18n Should render component only if fetch is done" time="0.006">
    </testcase>
    <testcase classname="i18n withI18n Should set language when subscribe is triggered" name="i18n withI18n Should set language when subscribe is triggered" time="0.006">
    </testcase>
    <testcase classname="i18n withI18n Should not set language when subscribe is triggered and unserInfo language is falsy" name="i18n withI18n Should not set language when subscribe is triggered and unserInfo language is falsy" time="0.003">
    </testcase>
    <testcase classname="i18n withI18n Should unlisten state when unmounted" name="i18n withI18n Should unlisten state when unmounted" time="0.015">
    </testcase>
  </testsuite>
  <testsuite name="Subnav component" errors="0" failures="0" skipped="0" timestamp="2019-02-03T20:39:00" time="3.446" tests="6">
    <testcase classname="Subnav component should match snapshot with no tabs" name="Subnav component should match snapshot with no tabs" time="0.018">
    </testcase>
    <testcase classname="Subnav component should match snapshot with context title" name="Subnav component should match snapshot with context title" time="0.002">
    </testcase>
    <testcase classname="Subnav component should match snapshot with tabs" name="Subnav component should match snapshot with tabs" time="0.004">
    </testcase>
    <testcase classname="Subnav component should invoke listen" name="Subnav component should invoke listen" time="0.002">
    </testcase>
    <testcase classname="Subnav component should have a activeUrl state as same as location.pathname when component mounts" name="Subnav component should have a activeUrl state as same as location.pathname when component mounts" time="0.083">
    </testcase>
    <testcase classname="Subnav component should call history.push with the same url as clicked tab" name="Subnav component should call history.push with the same url as clicked tab" time="0.011">
    </testcase>
  </testsuite>
  <testsuite name="SidebarMenu component" errors="0" failures="4" skipped="0" timestamp="2019-02-03T20:39:00" time="3.624" tests="9">
    <testcase classname="SidebarMenu component should match snapshot" name="SidebarMenu component should match snapshot" time="0.015">
    </testcase>
    <testcase classname="SidebarMenu component should match snapshot for desktop" name="SidebarMenu component should match snapshot for desktop" time="0.002">
    </testcase>
    <testcase classname="SidebarMenu component doLogout should invoke closeMenu" name="SidebarMenu component doLogout should invoke closeMenu" time="0.013">
      <failure>TypeError: instance.doLogout is not a function
    at Object.doLogout (C:\projects\new-york-times-into-the-feed\src\components\common\SidebarMenu\SidebarMenu.spec.js:35:16)
    at Object.asyncJestLifecycle (C:\projects\new-york-times-into-the-feed\node_modules\jest-jasmine2\build\jasmine_async.js:63:37)
    at resolve (C:\projects\new-york-times-into-the-feed\node_modules\jest-jasmine2\build\queue_runner.js:56:12)
    at new Promise (&lt;anonymous&gt;)
    at mapper (C:\projects\new-york-times-into-the-feed\node_modules\jest-jasmine2\build\queue_runner.js:43:19)
    at promise.then (C:\projects\new-york-times-into-the-feed\node_modules\jest-jasmine2\build\queue_runner.js:87:41)
    at &lt;anonymous&gt;
    at process._tickCallback (internal/process/next_tick.js:188:7)</failure>
      <failure>Error: expect(jest.fn()).toHaveBeenCalledWith(expected)

Expected mock function to have been called with:
  []
But it was not called.
    at Object.toHaveBeenCalledWith (C:\projects\new-york-times-into-the-feed\src\components\common\SidebarMenu\SidebarMenu.spec.js:39:29)
    at Object.asyncJestTest (C:\projects\new-york-times-into-the-feed\node_modules\jest-jasmine2\build\jasmine_async.js:108:37)
    at resolve (C:\projects\new-york-times-into-the-feed\node_modules\jest-jasmine2\build\queue_runner.js:56:12)
    at new Promise (&lt;anonymous&gt;)
    at mapper (C:\projects\new-york-times-into-the-feed\node_modules\jest-jasmine2\build\queue_runner.js:43:19)
    at promise.then (C:\projects\new-york-times-into-the-feed\node_modules\jest-jasmine2\build\queue_runner.js:87:41)
    at &lt;anonymous&gt;
    at process._tickCallback (internal/process/next_tick.js:188:7)</failure>
    </testcase>
    <testcase classname="SidebarMenu component doLogout should invoke logout" name="SidebarMenu component doLogout should invoke logout" time="0.002">
      <failure>TypeError: instance.doLogout is not a function
    at Object.doLogout (C:\projects\new-york-times-into-the-feed\src\components\common\SidebarMenu\SidebarMenu.spec.js:35:16)
    at Object.asyncJestLifecycle (C:\projects\new-york-times-into-the-feed\node_modules\jest-jasmine2\build\jasmine_async.js:63:37)
    at resolve (C:\projects\new-york-times-into-the-feed\node_modules\jest-jasmine2\build\queue_runner.js:56:12)
    at new Promise (&lt;anonymous&gt;)
    at mapper (C:\projects\new-york-times-into-the-feed\node_modules\jest-jasmine2\build\queue_runner.js:43:19)
    at promise.then (C:\projects\new-york-times-into-the-feed\node_modules\jest-jasmine2\build\queue_runner.js:87:41)
    at &lt;anonymous&gt;
    at process._tickCallback (internal/process/next_tick.js:188:7)</failure>
      <failure>Error: expect(jest.fn()).toHaveBeenCalledWith(expected)

Expected mock function to have been called with:
  []
But it was not called.
    at Object.toHaveBeenCalledWith (C:\projects\new-york-times-into-the-feed\src\components\common\SidebarMenu\SidebarMenu.spec.js:43:26)
    at Object.asyncJestTest (C:\projects\new-york-times-into-the-feed\node_modules\jest-jasmine2\build\jasmine_async.js:108:37)
    at resolve (C:\projects\new-york-times-into-the-feed\node_modules\jest-jasmine2\build\queue_runner.js:56:12)
    at new Promise (&lt;anonymous&gt;)
    at mapper (C:\projects\new-york-times-into-the-feed\node_modules\jest-jasmine2\build\queue_runner.js:43:19)
    at promise.then (C:\projects\new-york-times-into-the-feed\node_modules\jest-jasmine2\build\queue_runner.js:87:41)
    at &lt;anonymous&gt;
    at process._tickCallback (internal/process/next_tick.js:188:7)</failure>
    </testcase>
    <testcase classname="SidebarMenu component redirectTo should invoke closeMenu" name="SidebarMenu component redirectTo should invoke closeMenu" time="0.003">
      <failure>Error: expect(jest.fn()).toHaveBeenCalledWith(expected)

Expected mock function to have been called with:
  []
But it was not called.
    at Object.toHaveBeenCalledWith (C:\projects\new-york-times-into-the-feed\src\components\common\SidebarMenu\SidebarMenu.spec.js:54:29)
    at Object.asyncJestTest (C:\projects\new-york-times-into-the-feed\node_modules\jest-jasmine2\build\jasmine_async.js:108:37)
    at resolve (C:\projects\new-york-times-into-the-feed\node_modules\jest-jasmine2\build\queue_runner.js:56:12)
    at new Promise (&lt;anonymous&gt;)
    at mapper (C:\projects\new-york-times-into-the-feed\node_modules\jest-jasmine2\build\queue_runner.js:43:19)
    at promise.then (C:\projects\new-york-times-into-the-feed\node_modules\jest-jasmine2\build\queue_runner.js:87:41)
    at &lt;anonymous&gt;
    at process._tickCallback (internal/process/next_tick.js:188:7)</failure>
    </testcase>
    <testcase classname="SidebarMenu component redirectTo should invoke redirect" name="SidebarMenu component redirectTo should invoke redirect" time="0.003">
    </testcase>
    <testcase classname="SidebarMenu component isActive should return true if currentLocation includes the path" name="SidebarMenu component isActive should return true if currentLocation includes the path" time="0.001">
    </testcase>
    <testcase classname="SidebarMenu component isActive should return false if currentLocation doesnt include the path" name="SidebarMenu component isActive should return false if currentLocation doesnt include the path" time="0.001">
    </testcase>
    <testcase classname="closeArrow should return a component" name="closeArrow should return a component" time="0.001">
      <failure>TypeError: (0 , _SidebarMenu.closeArrow) is not a function
    at Object.&lt;anonymous&gt; (C:\projects\new-york-times-into-the-feed\src\components\common\SidebarMenu\SidebarMenu.spec.js:80:12)
    at Object.asyncJestTest (C:\projects\new-york-times-into-the-feed\node_modules\jest-jasmine2\build\jasmine_async.js:108:37)
    at resolve (C:\projects\new-york-times-into-the-feed\node_modules\jest-jasmine2\build\queue_runner.js:56:12)
    at new Promise (&lt;anonymous&gt;)
    at mapper (C:\projects\new-york-times-into-the-feed\node_modules\jest-jasmine2\build\queue_runner.js:43:19)
    at promise.then (C:\projects\new-york-times-into-the-feed\node_modules\jest-jasmine2\build\queue_runner.js:87:41)
    at &lt;anonymous&gt;
    at process._tickCallback (internal/process/next_tick.js:188:7)</failure>
    </testcase>
  </testsuite>
  <testsuite name="redirect" errors="0" failures="1" skipped="0" timestamp="2019-02-03T20:39:03" time="0.533" tests="2">
    <testcase classname="redirect Should set location href to url value" name="redirect Should set location href to url value" time="0.016">
    </testcase>
    <testcase classname="hardRedirect Should set call history.push with url value" name="hardRedirect Should set call history.push with url value" time="0.01">
      <failure>Error: Cannot spy the push property because it is not a function; undefined given instead
    at ModuleMockerClass.spyOn (C:\projects\new-york-times-into-the-feed\node_modules\jest-mock\build\index.js:697:15)
    at Object.spyOn (C:\projects\new-york-times-into-the-feed\src\utils\redirect.spec.js:22:23)
    at Object.asyncJestLifecycle (C:\projects\new-york-times-into-the-feed\node_modules\jest-jasmine2\build\jasmine_async.js:63:37)
    at resolve (C:\projects\new-york-times-into-the-feed\node_modules\jest-jasmine2\build\queue_runner.js:56:12)
    at new Promise (&lt;anonymous&gt;)
    at mapper (C:\projects\new-york-times-into-the-feed\node_modules\jest-jasmine2\build\queue_runner.js:43:19)
    at promise.then (C:\projects\new-york-times-into-the-feed\node_modules\jest-jasmine2\build\queue_runner.js:87:41)
    at &lt;anonymous&gt;
    at process._tickCallback (internal/process/next_tick.js:188:7)</failure>
      <failure>Error: expect(jest.fn())[.not].toHaveBeenCalledWith()

jest.fn() value must be a mock function or spy.
Received: undefined
    at Object.toHaveBeenCalledWith (C:\projects\new-york-times-into-the-feed\src\utils\redirect.spec.js:27:24)
    at Object.asyncJestTest (C:\projects\new-york-times-into-the-feed\node_modules\jest-jasmine2\build\jasmine_async.js:108:37)
    at resolve (C:\projects\new-york-times-into-the-feed\node_modules\jest-jasmine2\build\queue_runner.js:56:12)
    at new Promise (&lt;anonymous&gt;)
    at mapper (C:\projects\new-york-times-into-the-feed\node_modules\jest-jasmine2\build\queue_runner.js:43:19)
    at promise.then (C:\projects\new-york-times-into-the-feed\node_modules\jest-jasmine2\build\queue_runner.js:87:41)
    at &lt;anonymous&gt;
    at process._tickCallback (internal/process/next_tick.js:188:7)</failure>
    </testcase>
  </testsuite>
  <testsuite name="modal action" errors="0" failures="0" skipped="0" timestamp="2019-02-03T20:39:04" time="0.485" tests="3">
    <testcase classname="modal action Should return an action object" name="modal action Should return an action object" time="0.005">
    </testcase>
    <testcase classname="modal action openModal Should change state to have an open modal" name="modal action openModal Should change state to have an open modal" time="0.001">
    </testcase>
    <testcase classname="modal action closeModal Should change state to have no modal" name="modal action closeModal Should change state to have no modal" time="0.001">
    </testcase>
  </testsuite>
  <testsuite name="store" errors="0" failures="0" skipped="0" timestamp="2019-02-03T20:39:04" time="0.506" tests="2">
    <testcase classname="store Should the store for common window" name="store Should the store for common window" time="0.003">
    </testcase>
    <testcase classname="store Should the store for window defined" name="store Should the store for window defined" time="0.003">
    </testcase>
  </testsuite>
  <testsuite name="Button component" errors="0" failures="0" skipped="0" timestamp="2019-02-03T20:39:03" time="1.013" tests="6">
    <testcase classname="Button component should match snapshot" name="Button component should match snapshot" time="0.014">
    </testcase>
    <testcase classname="Button component should render an &quot;button&quot; tag" name="Button component should render an &quot;button&quot; tag" time="0.088">
    </testcase>
    <testcase classname="Button component should render highlighted class when isCallToAction is truthy" name="Button component should render highlighted class when isCallToAction is truthy" time="0.001">
    </testcase>
    <testcase classname="Button component should render disabled class when disabled is truthy" name="Button component should render disabled class when disabled is truthy" time="0.001">
    </testcase>
    <testcase classname="Button component should render different types" name="Button component should render different types" time="0.003">
    </testcase>
    <testcase classname="Button component should render different widths" name="Button component should render different widths" time="0.002">
    </testcase>
  </testsuite>
  <testsuite name="Input component" errors="0" failures="0" skipped="0" timestamp="2019-02-03T20:39:04" time="0.688" tests="2">
    <testcase classname="Input component should match snapshot" name="Input component should match snapshot" time="0.023">
    </testcase>
    <testcase classname="Input component should match snapshot with label" name="Input component should match snapshot with label" time="0.007">
    </testcase>
  </testsuite>
  <testsuite name="Hide component" errors="0" failures="0" skipped="0" timestamp="2019-02-03T20:39:04" time="0.58" tests="3">
    <testcase classname="Hide component should match snapshot changing class" name="Hide component should match snapshot changing class" time="0.031">
    </testcase>
    <testcase classname="Hide component should match snapshot changing class" name="Hide component should match snapshot changing class" time="0.003">
    </testcase>
    <testcase classname="Hide component should match snapshot changing class" name="Hide component should match snapshot changing class" time="0.002">
    </testcase>
  </testsuite>
  <testsuite name="LocalLoading component" errors="0" failures="0" skipped="0" timestamp="2019-02-03T20:39:04" time="0.47" tests="1">
    <testcase classname="LocalLoading component should match snapshot" name="LocalLoading component should match snapshot" time="0.032">
    </testcase>
  </testsuite>
  <testsuite name="commonState" errors="0" failures="1" skipped="0" timestamp="2019-02-03T20:39:04" time="0.516" tests="1">
    <testcase classname="commonState Should return the state" name="commonState Should return the state" time="0.015">
      <failure>Error: expect(received).toEqual(expected)

Expected value to equal:
  {&quot;citiesSearched&quot;: [], &quot;isError&quot;: false, &quot;isTimeMachineActive&quot;: false, &quot;unit&quot;: undefined}
Received:
  {&quot;current&quot;: false, &quot;isFilled&quot;: false, &quot;userInfo&quot;: {&quot;preferredLanguage&quot;: &quot;en-US&quot;}}

Difference:

- Expected
+ Received

  Object {
-   &quot;citiesSearched&quot;: Array [],
-   &quot;isError&quot;: false,
-   &quot;isTimeMachineActive&quot;: false,
-   &quot;unit&quot;: undefined,
+   &quot;current&quot;: false,
+   &quot;isFilled&quot;: false,
+   &quot;userInfo&quot;: Object {
+     &quot;preferredLanguage&quot;: &quot;en-US&quot;,
+   },
  }
    at Object.toEqual (C:\projects\new-york-times-into-the-feed\src\utils\store\commonState.spec.js:6:25)
    at Object.asyncJestTest (C:\projects\new-york-times-into-the-feed\node_modules\jest-jasmine2\build\jasmine_async.js:108:37)
    at resolve (C:\projects\new-york-times-into-the-feed\node_modules\jest-jasmine2\build\queue_runner.js:56:12)
    at new Promise (&lt;anonymous&gt;)
    at mapper (C:\projects\new-york-times-into-the-feed\node_modules\jest-jasmine2\build\queue_runner.js:43:19)
    at promise.then (C:\projects\new-york-times-into-the-feed\node_modules\jest-jasmine2\build\queue_runner.js:87:41)
    at &lt;anonymous&gt;
    at process._tickCallback (internal/process/next_tick.js:188:7)</failure>
    </testcase>
  </testsuite>
  <testsuite name="undefined" errors="0" failures="0" skipped="0" timestamp="2019-02-03T20:39:04" time="0.446" tests="1">
    <testcase classname=" should return true for mobile devices" name=" should return true for mobile devices" time="0.002">
    </testcase>
  </testsuite>
  <testsuite name="Header component" errors="0" failures="0" skipped="0" timestamp="2019-02-03T20:39:04" time="1.025" tests="1">
    <testcase classname="Header component should match snapshot with props" name="Header component should match snapshot with props" time="0.008">
    </testcase>
  </testsuite>
  <testsuite name="Footer component" errors="0" failures="0" skipped="0" timestamp="2019-02-03T20:39:05" time="0.517" tests="1">
    <testcase classname="Footer component should match snapshot" name="Footer component should match snapshot" time="0.003">
    </testcase>
  </testsuite>
  <testsuite name="Layout component" errors="0" failures="0" skipped="0" timestamp="2019-02-03T20:39:04" time="1.229" tests="1">
    <testcase classname="Layout component should match snapshot with children" name="Layout component should match snapshot with children" time="0.006">
    </testcase>
  </testsuite>
  <testsuite name="Routes component" errors="0" failures="0" skipped="0" timestamp="2019-02-03T20:39:05" time="1.125" tests="1">
    <testcase classname="Routes component should match snapshot" name="Routes component should match snapshot" time="0.003">
    </testcase>
  </testsuite>
  <testsuite name="App component" errors="0" failures="0" skipped="0" timestamp="2019-02-03T20:39:04" time="1.774" tests="1">
    <testcase classname="App component should match snapshot" name="App component should match snapshot" time="0.003">
    </testcase>
  </testsuite>
</testsuites>